<?xml version="1.0" encoding="UTF-8" ?>
<testsuite errors="0" failures="0" hostname="guthierrezsouza" name="controledeponto.PontoServiceSpec" tests="3" time="0.297" timestamp="2017-06-26T15:08:17">
  <properties />
  <testcase classname="controledeponto.PontoServiceSpec" name="teste cadastro ponto funcionario" time="0.176" />
  <testcase classname="controledeponto.PontoServiceSpec" name="teste registro ponto menor que ultimo ponto cadastrado" time="0.048" />
  <testcase classname="controledeponto.PontoServiceSpec" name="teste busca de pontos por funcionario e periodo" time="0.059" />
  <system-out><![CDATA[--Output from teste cadastro ponto funcionario--
--Output from teste registro ponto menor que ultimo ponto cadastrado--
--Output from teste busca de pontos por funcionario e periodo--
]]></system-out>
  <system-err><![CDATA[--Output from teste cadastro ponto funcionario--
--Output from teste registro ponto menor que ultimo ponto cadastrado--
--Output from teste busca de pontos por funcionario e periodo--
]]></system-err>
</testsuite>
