<?xml version="1.0" encoding="UTF-8" ?>
<testsuite errors="0" failures="0" hostname="guthierrezsouza" name="controledeponto.SaldoHorasTagLibSpec" tests="13" time="1.46" timestamp="2017-06-26T15:08:17">
  <properties />
  <testcase classname="controledeponto.SaldoHorasTagLibSpec" name="teste conversão de horas em valor decimal para minutos e segundos[0]" time="1.372" />
  <testcase classname="controledeponto.SaldoHorasTagLibSpec" name="teste conversão de horas em valor decimal para minutos e segundos[1]" time="0.021" />
  <testcase classname="controledeponto.SaldoHorasTagLibSpec" name="teste conversão de horas em valor decimal para minutos e segundos[2]" time="0.005" />
  <testcase classname="controledeponto.SaldoHorasTagLibSpec" name="teste conversão de horas em valor decimal para minutos e segundos[3]" time="0.005" />
  <testcase classname="controledeponto.SaldoHorasTagLibSpec" name="teste conversão de horas em valor decimal para minutos e segundos[4]" time="0.005" />
  <testcase classname="controledeponto.SaldoHorasTagLibSpec" name="teste conversão de horas em valor decimal para minutos e segundos[5]" time="0.004" />
  <testcase classname="controledeponto.SaldoHorasTagLibSpec" name="teste conversão de horas em valor decimal para minutos e segundos[6]" time="0.004" />
  <testcase classname="controledeponto.SaldoHorasTagLibSpec" name="teste saldo horas em intervalo decimal para minutos e segundos[0]" time="0.006" />
  <testcase classname="controledeponto.SaldoHorasTagLibSpec" name="teste saldo horas em intervalo decimal para minutos e segundos[1]" time="0.004" />
  <testcase classname="controledeponto.SaldoHorasTagLibSpec" name="teste saldo horas em intervalo decimal para minutos e segundos[2]" time="0.006" />
  <testcase classname="controledeponto.SaldoHorasTagLibSpec" name="teste saldo horas em intervalo decimal para minutos e segundos[3]" time="0.007" />
  <testcase classname="controledeponto.SaldoHorasTagLibSpec" name="teste saldo horas em intervalo decimal para minutos e segundos[4]" time="0.005" />
  <testcase classname="controledeponto.SaldoHorasTagLibSpec" name="teste saldo horas em intervalo decimal para minutos e segundos[5]" time="0.004" />
  <system-out><![CDATA[--Output from teste conversão de horas em valor decimal para minutos e segundos[0]--
--Output from teste conversão de horas em valor decimal para minutos e segundos[1]--
--Output from teste conversão de horas em valor decimal para minutos e segundos[2]--
--Output from teste conversão de horas em valor decimal para minutos e segundos[3]--
--Output from teste conversão de horas em valor decimal para minutos e segundos[4]--
--Output from teste conversão de horas em valor decimal para minutos e segundos[5]--
--Output from teste conversão de horas em valor decimal para minutos e segundos[6]--
--Output from teste saldo horas em intervalo decimal para minutos e segundos[0]--
--Output from teste saldo horas em intervalo decimal para minutos e segundos[1]--
--Output from teste saldo horas em intervalo decimal para minutos e segundos[2]--
--Output from teste saldo horas em intervalo decimal para minutos e segundos[3]--
--Output from teste saldo horas em intervalo decimal para minutos e segundos[4]--
--Output from teste saldo horas em intervalo decimal para minutos e segundos[5]--
]]></system-out>
  <system-err><![CDATA[--Output from teste conversão de horas em valor decimal para minutos e segundos[0]--
--Output from teste conversão de horas em valor decimal para minutos e segundos[1]--
--Output from teste conversão de horas em valor decimal para minutos e segundos[2]--
--Output from teste conversão de horas em valor decimal para minutos e segundos[3]--
--Output from teste conversão de horas em valor decimal para minutos e segundos[4]--
--Output from teste conversão de horas em valor decimal para minutos e segundos[5]--
--Output from teste conversão de horas em valor decimal para minutos e segundos[6]--
--Output from teste saldo horas em intervalo decimal para minutos e segundos[0]--
--Output from teste saldo horas em intervalo decimal para minutos e segundos[1]--
--Output from teste saldo horas em intervalo decimal para minutos e segundos[2]--
--Output from teste saldo horas em intervalo decimal para minutos e segundos[3]--
--Output from teste saldo horas em intervalo decimal para minutos e segundos[4]--
--Output from teste saldo horas em intervalo decimal para minutos e segundos[5]--
]]></system-err>
</testsuite>
