<?xml version="1.0" encoding="UTF-8" ?>
<testsuite errors="0" failures="0" hostname="guthierrezsouza" name="controledeponto.RequisicaoPontoServiceSpec" tests="3" time="2.621" timestamp="2017-06-26T15:08:14">
  <properties />
  <testcase classname="controledeponto.RequisicaoPontoServiceSpec" name="teste da aprovação de uma requisicão de ponto passado" time="2.427" />
  <testcase classname="controledeponto.RequisicaoPontoServiceSpec" name="teste da reprovação de uma requisicão de ponto passado" time="0.099" />
  <testcase classname="controledeponto.RequisicaoPontoServiceSpec" name="teste da modificação de uma requisicão de ponto já aprovada ou reprovada" time="0.063" />
  <system-out><![CDATA[--Output from teste da aprovação de uma requisicão de ponto passado--
--Output from teste da reprovação de uma requisicão de ponto passado--
--Output from teste da modificação de uma requisicão de ponto já aprovada ou reprovada--
]]></system-out>
  <system-err><![CDATA[--Output from teste da aprovação de uma requisicão de ponto passado--
--Output from teste da reprovação de uma requisicão de ponto passado--
--Output from teste da modificação de uma requisicão de ponto já aprovada ou reprovada--
]]></system-err>
</testsuite>
