<?xml version="1.0" encoding="UTF-8" ?>
<testsuite errors="0" failures="0" hostname="guthierrezsouza" name="controledeponto.SaldoHorasServiceSpec" tests="16" time="0.69" timestamp="2017-06-26T15:08:19">
  <properties />
  <testcase classname="controledeponto.SaldoHorasServiceSpec" name="teste geração registro diário de saldo de horas do funcionário" time="0.191" />
  <testcase classname="controledeponto.SaldoHorasServiceSpec" name="teste número horas trabalhadas no dia[0]" time="0.023" />
  <testcase classname="controledeponto.SaldoHorasServiceSpec" name="teste número horas trabalhadas no dia[1]" time="0.025" />
  <testcase classname="controledeponto.SaldoHorasServiceSpec" name="teste número horas trabalhadas no dia[2]" time="0.025" />
  <testcase classname="controledeponto.SaldoHorasServiceSpec" name="teste número horas trabalhadas no dia[3]" time="0.026" />
  <testcase classname="controledeponto.SaldoHorasServiceSpec" name="teste número horas trabalhadas no dia[4]" time="0.026" />
  <testcase classname="controledeponto.SaldoHorasServiceSpec" name="teste quantidade de horas esperadas para um determinado dia[0]" time="0.067" />
  <testcase classname="controledeponto.SaldoHorasServiceSpec" name="teste quantidade de horas esperadas para um determinado dia[1]" time="0.048" />
  <testcase classname="controledeponto.SaldoHorasServiceSpec" name="teste quantidade de horas esperadas para um determinado dia[2]" time="0.04" />
  <testcase classname="controledeponto.SaldoHorasServiceSpec" name="teste quantidade de horas esperadas para um feriado (simulando ser hoje)" time="0.035" />
  <testcase classname="controledeponto.SaldoHorasServiceSpec" name="teste se um determinado dia é um dia útil[0]" time="0.039" />
  <testcase classname="controledeponto.SaldoHorasServiceSpec" name="teste se um determinado dia é um dia útil[1]" time="0.028" />
  <testcase classname="controledeponto.SaldoHorasServiceSpec" name="teste se um determinado dia é um dia útil[2]" time="0.027" />
  <testcase classname="controledeponto.SaldoHorasServiceSpec" name="teste calculo número de datas entre periodo[0]" time="0.034" />
  <testcase classname="controledeponto.SaldoHorasServiceSpec" name="teste calculo número de datas entre periodo[1]" time="0.016" />
  <testcase classname="controledeponto.SaldoHorasServiceSpec" name="teste calculo número de datas entre periodo[2]" time="0.02" />
  <system-out><![CDATA[--Output from teste geração registro diário de saldo de horas do funcionário--
PT0S
PT0S
--Output from teste número horas trabalhadas no dia[0]--
--Output from teste número horas trabalhadas no dia[1]--
--Output from teste número horas trabalhadas no dia[2]--
--Output from teste número horas trabalhadas no dia[3]--
--Output from teste número horas trabalhadas no dia[4]--
--Output from teste quantidade de horas esperadas para um determinado dia[0]--
--Output from teste quantidade de horas esperadas para um determinado dia[1]--
--Output from teste quantidade de horas esperadas para um determinado dia[2]--
--Output from teste quantidade de horas esperadas para um feriado (simulando ser hoje)--
--Output from teste se um determinado dia é um dia útil[0]--
--Output from teste se um determinado dia é um dia útil[1]--
--Output from teste se um determinado dia é um dia útil[2]--
--Output from teste calculo número de datas entre periodo[0]--
--Output from teste calculo número de datas entre periodo[1]--
--Output from teste calculo número de datas entre periodo[2]--
]]></system-out>
  <system-err><![CDATA[--Output from teste geração registro diário de saldo de horas do funcionário--
--Output from teste número horas trabalhadas no dia[0]--
--Output from teste número horas trabalhadas no dia[1]--
--Output from teste número horas trabalhadas no dia[2]--
--Output from teste número horas trabalhadas no dia[3]--
--Output from teste número horas trabalhadas no dia[4]--
--Output from teste quantidade de horas esperadas para um determinado dia[0]--
--Output from teste quantidade de horas esperadas para um determinado dia[1]--
--Output from teste quantidade de horas esperadas para um determinado dia[2]--
--Output from teste quantidade de horas esperadas para um feriado (simulando ser hoje)--
--Output from teste se um determinado dia é um dia útil[0]--
--Output from teste se um determinado dia é um dia útil[1]--
--Output from teste se um determinado dia é um dia útil[2]--
--Output from teste calculo número de datas entre periodo[0]--
--Output from teste calculo número de datas entre periodo[1]--
--Output from teste calculo número de datas entre periodo[2]--
]]></system-err>
</testsuite>
