<?xml version="1.0" encoding="UTF-8" ?>
<testsuite errors="0" failures="0" hostname="guthierrezsouza" name="controledeponto.SalarioServiceSpec" tests="22" time="0.499" timestamp="2017-06-26T15:08:17">
  <properties />
  <testcase classname="controledeponto.SalarioServiceSpec" name="teste valor salário do dia em dias uteis com bonus de horas extras comum[0]" time="0.134" />
  <testcase classname="controledeponto.SalarioServiceSpec" name="teste valor salário do dia em dias uteis com bonus de horas extras comum[1]" time="0.013" />
  <testcase classname="controledeponto.SalarioServiceSpec" name="teste valor salário do dia em dias uteis com bonus de horas extras comum[2]" time="0.014" />
  <testcase classname="controledeponto.SalarioServiceSpec" name="teste valor salário do dia em dias uteis com bonus de horas extras comum[3]" time="0.012" />
  <testcase classname="controledeponto.SalarioServiceSpec" name="teste valor salário do dia em dias uteis com bonus de horas extras comum[4]" time="0.012" />
  <testcase classname="controledeponto.SalarioServiceSpec" name="teste valor salário do dia em dias uteis com bonus de horas extras comum[5]" time="0.013" />
  <testcase classname="controledeponto.SalarioServiceSpec" name="teste valor salário em domingos e feriados (dias nao uteis) com bonus de hora dobrada[0]" time="0.018" />
  <testcase classname="controledeponto.SalarioServiceSpec" name="teste valor salário em domingos e feriados (dias nao uteis) com bonus de hora dobrada[1]" time="0.013" />
  <testcase classname="controledeponto.SalarioServiceSpec" name="teste valor salário em domingos e feriados (dias nao uteis) com bonus de hora dobrada[2]" time="0.013" />
  <testcase classname="controledeponto.SalarioServiceSpec" name="teste valor salário em domingos e feriados (dias nao uteis) com bonus de hora dobrada[3]" time="0.016" />
  <testcase classname="controledeponto.SalarioServiceSpec" name="teste valor salário em domingos e feriados (dias nao uteis) com bonus de hora dobrada[4]" time="0.012" />
  <testcase classname="controledeponto.SalarioServiceSpec" name="teste valor salário em domingos e feriados (dias nao uteis) com bonus de hora dobrada[5]" time="0.011" />
  <testcase classname="controledeponto.SalarioServiceSpec" name="teste valor salário em dias uteis com bonus de hora extra comum e adicional noturno[0]" time="0.011" />
  <testcase classname="controledeponto.SalarioServiceSpec" name="teste valor salário em dias uteis com bonus de hora extra comum e adicional noturno[1]" time="0.01" />
  <testcase classname="controledeponto.SalarioServiceSpec" name="teste valor salário em dias uteis com bonus de hora extra comum e adicional noturno[2]" time="0.01" />
  <testcase classname="controledeponto.SalarioServiceSpec" name="teste valor salário em dias uteis com bonus de hora extra comum e adicional noturno[3]" time="0.013" />
  <testcase classname="controledeponto.SalarioServiceSpec" name="teste valor salário em dias uteis com bonus de hora extra comum e adicional noturno[4]" time="0.008" />
  <testcase classname="controledeponto.SalarioServiceSpec" name="teste valor salário em dias uteis com bonus de hora extra comum e adicional noturno[5]" time="0.009" />
  <testcase classname="controledeponto.SalarioServiceSpec" name="teste data de inicio do relatorio mensal[0]" time="0.078" />
  <testcase classname="controledeponto.SalarioServiceSpec" name="teste data de inicio do relatorio mensal[1]" time="0.014" />
  <testcase classname="controledeponto.SalarioServiceSpec" name="teste data final do relatorio mensal[0]" time="0.023" />
  <testcase classname="controledeponto.SalarioServiceSpec" name="teste data final do relatorio mensal[1]" time="0.019" />
  <system-out><![CDATA[--Output from teste valor salário do dia em dias uteis com bonus de horas extras comum[0]--
--Output from teste valor salário do dia em dias uteis com bonus de horas extras comum[1]--
--Output from teste valor salário do dia em dias uteis com bonus de horas extras comum[2]--
--Output from teste valor salário do dia em dias uteis com bonus de horas extras comum[3]--
--Output from teste valor salário do dia em dias uteis com bonus de horas extras comum[4]--
--Output from teste valor salário do dia em dias uteis com bonus de horas extras comum[5]--
--Output from teste valor salário em domingos e feriados (dias nao uteis) com bonus de hora dobrada[0]--
--Output from teste valor salário em domingos e feriados (dias nao uteis) com bonus de hora dobrada[1]--
--Output from teste valor salário em domingos e feriados (dias nao uteis) com bonus de hora dobrada[2]--
--Output from teste valor salário em domingos e feriados (dias nao uteis) com bonus de hora dobrada[3]--
--Output from teste valor salário em domingos e feriados (dias nao uteis) com bonus de hora dobrada[4]--
--Output from teste valor salário em domingos e feriados (dias nao uteis) com bonus de hora dobrada[5]--
--Output from teste valor salário em dias uteis com bonus de hora extra comum e adicional noturno[0]--
--Output from teste valor salário em dias uteis com bonus de hora extra comum e adicional noturno[1]--
--Output from teste valor salário em dias uteis com bonus de hora extra comum e adicional noturno[2]--
--Output from teste valor salário em dias uteis com bonus de hora extra comum e adicional noturno[3]--
--Output from teste valor salário em dias uteis com bonus de hora extra comum e adicional noturno[4]--
--Output from teste valor salário em dias uteis com bonus de hora extra comum e adicional noturno[5]--
--Output from teste data de inicio do relatorio mensal[0]--
--Output from teste data de inicio do relatorio mensal[1]--
--Output from teste data final do relatorio mensal[0]--
--Output from teste data final do relatorio mensal[1]--
]]></system-out>
  <system-err><![CDATA[--Output from teste valor salário do dia em dias uteis com bonus de horas extras comum[0]--
--Output from teste valor salário do dia em dias uteis com bonus de horas extras comum[1]--
--Output from teste valor salário do dia em dias uteis com bonus de horas extras comum[2]--
--Output from teste valor salário do dia em dias uteis com bonus de horas extras comum[3]--
--Output from teste valor salário do dia em dias uteis com bonus de horas extras comum[4]--
--Output from teste valor salário do dia em dias uteis com bonus de horas extras comum[5]--
--Output from teste valor salário em domingos e feriados (dias nao uteis) com bonus de hora dobrada[0]--
--Output from teste valor salário em domingos e feriados (dias nao uteis) com bonus de hora dobrada[1]--
--Output from teste valor salário em domingos e feriados (dias nao uteis) com bonus de hora dobrada[2]--
--Output from teste valor salário em domingos e feriados (dias nao uteis) com bonus de hora dobrada[3]--
--Output from teste valor salário em domingos e feriados (dias nao uteis) com bonus de hora dobrada[4]--
--Output from teste valor salário em domingos e feriados (dias nao uteis) com bonus de hora dobrada[5]--
--Output from teste valor salário em dias uteis com bonus de hora extra comum e adicional noturno[0]--
--Output from teste valor salário em dias uteis com bonus de hora extra comum e adicional noturno[1]--
--Output from teste valor salário em dias uteis com bonus de hora extra comum e adicional noturno[2]--
--Output from teste valor salário em dias uteis com bonus de hora extra comum e adicional noturno[3]--
--Output from teste valor salário em dias uteis com bonus de hora extra comum e adicional noturno[4]--
--Output from teste valor salário em dias uteis com bonus de hora extra comum e adicional noturno[5]--
--Output from teste data de inicio do relatorio mensal[0]--
--Output from teste data de inicio do relatorio mensal[1]--
--Output from teste data final do relatorio mensal[0]--
--Output from teste data final do relatorio mensal[1]--
]]></system-err>
</testsuite>
